TN:
SF:01-requestcount.js
FN:13,countRequest
FNF:1
FNH:1
FNDA:12,countRequest
DA:1,1
DA:2,1
DA:3,1
DA:4,1
DA:5,1
DA:6,1
DA:7,1
DA:8,1
DA:9,1
DA:10,1
DA:11,1
DA:12,1
DA:13,12
DA:14,12
DA:15,12
DA:16,12
DA:17,1
DA:18,1
DA:19,10
DA:20,1
DA:21,1
DA:22,1
DA:23,0
DA:24,1
DA:25,1
DA:26,1
DA:27,2
DA:28,1
DA:29,1
DA:30,1
LF:30
LH:29
BRDA:13,0,0,12
BRDA:18,1,0,10
BRDA:26,2,0,2
BRF:3
BRH:3
end_of_record
TN:
SF:02-ratelimitter.js
FN:22,rateLimitor
FNF:1
FNH:1
FNDA:13,rateLimitor
DA:1,1
DA:2,1
DA:3,1
DA:4,1
DA:5,1
DA:6,1
DA:7,1
DA:8,1
DA:9,1
DA:10,1
DA:11,1
DA:12,1
DA:13,1
DA:14,1
DA:15,1
DA:16,1
DA:17,1
DA:18,2
DA:19,1
DA:20,1
DA:21,1
DA:22,13
DA:23,13
DA:24,13
DA:25,13
DA:26,13
DA:27,11
DA:28,6
DA:29,6
DA:30,11
DA:31,13
DA:32,2
DA:33,2
DA:34,13
DA:35,13
DA:36,13
DA:37,1
DA:38,1
DA:39,1
DA:40,13
DA:41,1
DA:42,1
DA:43,1
DA:44,0
DA:45,1
DA:46,1
DA:47,1
DA:48,1
DA:49,1
LF:49
LH:48
BRDA:17,0,0,2
BRDA:22,1,0,13
BRDA:26,2,0,11
BRDA:27,3,0,6
BRDA:31,4,0,2
BRDA:39,5,0,13
BRF:6
BRH:6
end_of_record
TN:
SF:03-errorcount.js
FNF:0
FNH:0
DA:1,1
DA:2,1
DA:3,1
DA:4,1
DA:5,1
DA:6,1
DA:7,1
DA:8,1
DA:9,1
DA:10,1
DA:11,1
DA:12,1
DA:13,1
DA:14,11
DA:15,0
DA:16,1
DA:17,1
DA:18,1
DA:19,0
DA:20,1
DA:21,1
DA:22,1
DA:23,2
DA:24,1
DA:25,1
DA:26,11
DA:27,11
DA:28,11
DA:29,11
DA:30,1
DA:31,1
LF:31
LH:29
BRDA:13,0,0,11
BRDA:14,1,0,0
BRDA:22,2,0,2
BRDA:25,3,0,11
BRF:4
BRH:3
end_of_record
